<?xml version="1.0" encoding="UTF-8"?>
<testsuite name="I as  new intregrante for the Utest i want to create a new register to access as user junior in this community" tests="1" skipped="0" failures="0" errors="0" timestamp="2022-03-14T16:45:02" hostname="DESKTOP-7NMLQE1" time="33.975">
  <properties/>
  <testcase name="creation complete of users congratulation" classname="I as  new intregrante for the Utest i want to create a new register to access as user junior in this community" time="33.975"/>
  <system-out><![CDATA[]]></system-out>
  <system-err><![CDATA[mar. 14, 2022 11:45:03 A. M. org.openqa.selenium.remote.DesiredCapabilities chrome
INFORMACIÓN: Using `new ChromeOptions()` is preferred to `DesiredCapabilities.chrome()`
Starting ChromeDriver 99.0.4844.51 (d537ec02474b5afe23684e7963d538896c63ac77-refs/branch-heads/4844@{#875}) on port 6615
Only local connections are allowed.
Please see https://chromedriver.chromium.org/security-considerations for suggestions on keeping ChromeDriver safe.
ChromeDriver was started successfully.
mar. 14, 2022 11:45:06 A. M. org.openqa.selenium.remote.ProtocolHandshake createSession
INFORMACIÓN: Detected dialect: W3C
]]></system-err>
</testsuite>
